MiniStore/app/build/intermediates/manifest_merge_blame_file/debug/manifest-merger-blame-debug-report.txt
1<?xml version="1.0" encoding="utf-8"?>
2<manifest xmlns:android="http://schemas.android.com/apk/res/android"
3    package="com.ministore.android"
4    android:versionCode="1"
5    android:versionName="1.0" >
6
7    <uses-sdk
8        android:minSdkVersion="26"
8-->src\main\AndroidManifest.xml
9        android:targetSdkVersion="33" />
9-->src\main\AndroidManifest.xml
10
11    <uses-permission android:name="android.permission.READ_EXTERNAL_STORAGE" />
11-->src\main\AndroidManifest.xml:5:5-80
11-->src\main\AndroidManifest.xml:5:22-77
12    <uses-permission android:name="android.permission.WRITE_EXTERNAL_STORAGE" />
12-->src\main\AndroidManifest.xml:6:5-81
12-->src\main\AndroidManifest.xml:6:22-78
13    <uses-permission android:name="android.permission.CAMERA" />
13-->src\main\AndroidManifest.xml:7:5-65
13-->src\main\AndroidManifest.xml:7:22-62
14    <uses-permission android:name="android.permission.ACCESS_NETWORK_STATE" />
14-->src\main\AndroidManifest.xml:8:5-79
14-->src\main\AndroidManifest.xml:8:22-76
15    <uses-permission android:name="android.permission.INTERNET" />
15-->src\main\AndroidManifest.xml:9:5-67
15-->src\main\AndroidManifest.xml:9:22-64
16
17    <permission
17-->[androidx.core:core:1.9.0] AndroidManifest.xml:22:5-24:47
18        android:name="com.ministore.android.DYNAMIC_RECEIVER_NOT_EXPORTED_PERMISSION"
18-->[androidx.core:core:1.9.0] AndroidManifest.xml:23:9-81
19        android:protectionLevel="signature" />
19-->[androidx.core:core:1.9.0] AndroidManifest.xml:24:9-44
20
21    <uses-permission android:name="com.ministore.android.DYNAMIC_RECEIVER_NOT_EXPORTED_PERMISSION" />
21-->[androidx.core:core:1.9.0] AndroidManifest.xml:26:5-97
21-->[androidx.core:core:1.9.0] AndroidManifest.xml:26:22-94
22
23    <application
23-->src\main\AndroidManifest.xml:11:5-116:19
24        android:name="com.ministore.android.MyApplication"
24-->src\main\AndroidManifest.xml:12:9-38
25        android:allowBackup="true"
25-->src\main\AndroidManifest.xml:13:9-35
26        android:appComponentFactory="androidx.core.app.CoreComponentFactory"
26-->[androidx.core:core:1.9.0] AndroidManifest.xml:28:18-86
27        android:debuggable="true"
28        android:extractNativeLibs="false"
29        android:icon="@mipmap/ic_cute_book_pencil_cartoon"
29-->src\main\AndroidManifest.xml:14:9-59
30        android:label="@string/app_name"
30-->src\main\AndroidManifest.xml:15:9-41
31        android:roundIcon="@mipmap/ic_cute_book_pencil_cartoon_round"
31-->src\main\AndroidManifest.xml:16:9-70
32        android:supportsRtl="true"
32-->src\main\AndroidManifest.xml:17:9-35
33        android:testOnly="true"
34        android:theme="@style/Theme.MiniStore"
34-->src\main\AndroidManifest.xml:18:9-47
35        android:usesCleartextTraffic="true" >
35-->src\main\AndroidManifest.xml:19:9-44
36        <activity
36-->src\main\AndroidManifest.xml:20:9-22:49
37            android:name="com.ministore.android.activity.FindProductActivity"
37-->src\main\AndroidManifest.xml:21:13-57
38            android:exported="false" />
38-->src\main\AndroidManifest.xml:22:13-37
39        <activity
39-->src\main\AndroidManifest.xml:23:9-25:49
40            android:name="com.ministore.android.activity.ConfirmReturnActivity"
40-->src\main\AndroidManifest.xml:24:13-59
41            android:exported="false" />
41-->src\main\AndroidManifest.xml:25:13-37
42        <activity
42-->src\main\AndroidManifest.xml:26:9-28:49
43            android:name="com.ministore.android.activity.ReturnActivity"
43-->src\main\AndroidManifest.xml:27:13-52
44            android:exported="false" />
44-->src\main\AndroidManifest.xml:28:13-37
45        <activity
45-->src\main\AndroidManifest.xml:29:9-31:40
46            android:name="com.ministore.android.activity._NewImportActivity"
46-->src\main\AndroidManifest.xml:30:13-56
47            android:exported="false" />
47-->src\main\AndroidManifest.xml:31:13-37
48        <activity
48-->src\main\AndroidManifest.xml:32:9-34:40
49            android:name="com.ministore.android.activity.RateActivity"
49-->src\main\AndroidManifest.xml:33:13-50
50            android:exported="false" />
50-->src\main\AndroidManifest.xml:34:13-37
51        <activity
51-->src\main\AndroidManifest.xml:35:9-37:40
52            android:name="com.ministore.android.activity.CartActivity"
52-->src\main\AndroidManifest.xml:36:13-50
53            android:exported="false" />
53-->src\main\AndroidManifest.xml:37:13-37
54        <activity
54-->src\main\AndroidManifest.xml:38:9-40:40
55            android:name="com.ministore.android.activity.OrderDetailActivity"
55-->src\main\AndroidManifest.xml:39:13-57
56            android:exported="false" />
56-->src\main\AndroidManifest.xml:40:13-37
57        <activity
57-->src\main\AndroidManifest.xml:41:9-43:40
58            android:name="com.ministore.android.activity.OrderActivity"
58-->src\main\AndroidManifest.xml:42:13-51
59            android:exported="false" />
59-->src\main\AndroidManifest.xml:43:13-37
60        <activity
60-->src\main\AndroidManifest.xml:44:9-46:40
61            android:name="com.ministore.android.activity._OrderDetailActivity"
61-->src\main\AndroidManifest.xml:45:13-58
62            android:exported="false" />
62-->src\main\AndroidManifest.xml:46:13-37
63        <activity
63-->src\main\AndroidManifest.xml:47:9-49:40
64            android:name="com.ministore.android.activity._ImportDetailActivity"
64-->src\main\AndroidManifest.xml:48:13-59
65            android:exported="false" />
65-->src\main\AndroidManifest.xml:49:13-37
66        <activity
66-->src\main\AndroidManifest.xml:50:9-52:40
67            android:name="com.ministore.android.activity.ForgotPasswordActivity"
67-->src\main\AndroidManifest.xml:51:13-60
68            android:exported="false" />
68-->src\main\AndroidManifest.xml:52:13-37
69        <activity
69-->src\main\AndroidManifest.xml:53:9-55:40
70            android:name="com.ministore.android.activity.ChooseEmailOrPhoneActivity"
70-->src\main\AndroidManifest.xml:54:13-64
71            android:exported="false" />
71-->src\main\AndroidManifest.xml:55:13-37
72        <activity
72-->src\main\AndroidManifest.xml:56:9-58:40
73            android:name="com.ministore.android.activity.OTPActivity"
73-->src\main\AndroidManifest.xml:57:13-49
74            android:exported="false" />
74-->src\main\AndroidManifest.xml:58:13-37
75        <activity
75-->src\main\AndroidManifest.xml:59:9-61:40
76            android:name="com.ministore.android.activity.NewPasswordActivity"
76-->src\main\AndroidManifest.xml:60:13-57
77            android:exported="false" />
77-->src\main\AndroidManifest.xml:61:13-37
78        <activity
78-->src\main\AndroidManifest.xml:62:9-64:40
79            android:name="com.ministore.android.activity.EditAddressActivity"
79-->src\main\AndroidManifest.xml:63:13-57
80            android:exported="false" />
80-->src\main\AndroidManifest.xml:64:13-37
81        <activity
81-->src\main\AndroidManifest.xml:65:9-67:40
82            android:name="com.ministore.android.activity.AddressActivity"
82-->src\main\AndroidManifest.xml:66:13-53
83            android:exported="false" />
83-->src\main\AndroidManifest.xml:67:13-37
84        <activity
84-->src\main\AndroidManifest.xml:68:9-70:40
85            android:name="com.ministore.android.activity.CheckOutActivity"
85-->src\main\AndroidManifest.xml:69:13-54
86            android:exported="false" />
86-->src\main\AndroidManifest.xml:70:13-37
87        <activity
87-->src\main\AndroidManifest.xml:71:9-73:40
88            android:name="com.ministore.android.activity._ProductInfoActivity"
88-->src\main\AndroidManifest.xml:72:13-58
89            android:exported="false" />
89-->src\main\AndroidManifest.xml:73:13-37
90        <activity
90-->src\main\AndroidManifest.xml:74:9-76:40
91            android:name="com.ministore.android.activity._UserInfoActivity"
91-->src\main\AndroidManifest.xml:75:13-55
92            android:exported="false" />
92-->src\main\AndroidManifest.xml:76:13-37
93        <activity
93-->src\main\AndroidManifest.xml:77:9-79:40
94            android:name="com.ministore.android.activity._CategoryInfoActivity"
94-->src\main\AndroidManifest.xml:78:13-59
95            android:exported="false" />
95-->src\main\AndroidManifest.xml:79:13-37
96        <activity
96-->src\main\AndroidManifest.xml:80:9-82:40
97            android:name="com.ministore.android.activity._MainActivity"
97-->src\main\AndroidManifest.xml:81:13-51
98            android:exported="false" />
98-->src\main\AndroidManifest.xml:82:13-37
99        <activity
99-->src\main\AndroidManifest.xml:83:9-85:40
100            android:name="com.ministore.android.activity.SettingsActivity"
100-->src\main\AndroidManifest.xml:84:13-54
101            android:exported="false" />
101-->src\main\AndroidManifest.xml:85:13-37
102        <activity
102-->src\main\AndroidManifest.xml:86:9-88:40
103            android:name="com.ministore.android.activity.ChangePasswordActivity"
103-->src\main\AndroidManifest.xml:87:13-60
104            android:exported="false" />
104-->src\main\AndroidManifest.xml:88:13-37
105        <activity
105-->src\main\AndroidManifest.xml:89:9-91:40
106            android:name="com.ministore.android.activity.ProfileActivity"
106-->src\main\AndroidManifest.xml:90:13-53
107            android:exported="false" />
107-->src\main\AndroidManifest.xml:91:13-37
108        <activity
108-->src\main\AndroidManifest.xml:92:9-94:40
109            android:name="com.ministore.android.activity.DetailActivity"
109-->src\main\AndroidManifest.xml:93:13-52
110            android:exported="false" />
110-->src\main\AndroidManifest.xml:94:13-37
111        <activity
111-->src\main\AndroidManifest.xml:95:9-97:40
112            android:name="com.ministore.android.activity.ProductActivity"
112-->src\main\AndroidManifest.xml:96:13-53
113            android:exported="false" />
113-->src\main\AndroidManifest.xml:97:13-37
114        <activity
114-->src\main\AndroidManifest.xml:98:9-100:40
115            android:name="com.ministore.android.activity.OnboardingActivity"
115-->src\main\AndroidManifest.xml:99:13-56
116            android:exported="false" />
116-->src\main\AndroidManifest.xml:100:13-37
117        <activity
117-->src\main\AndroidManifest.xml:101:9-109:20
118            android:name="com.ministore.android.activity.SplashActivity"
118-->src\main\AndroidManifest.xml:102:13-52
119            android:exported="true" >
119-->src\main\AndroidManifest.xml:103:13-36
120            <intent-filter>
120-->src\main\AndroidManifest.xml:104:13-108:29
121                <action android:name="android.intent.action.MAIN" />
121-->src\main\AndroidManifest.xml:105:17-69
121-->src\main\AndroidManifest.xml:105:25-66
122
123                <category android:name="android.intent.category.LAUNCHER" />
123-->src\main\AndroidManifest.xml:107:17-77
123-->src\main\AndroidManifest.xml:107:27-74
124            </intent-filter>
125        </activity>
126        <activity
126-->src\main\AndroidManifest.xml:110:9-112:39
127            android:name="com.ministore.android.activity.MainActivity"
127-->src\main\AndroidManifest.xml:111:13-50
128            android:exported="true" />
128-->src\main\AndroidManifest.xml:112:13-36
129        <activity
129-->src\main\AndroidManifest.xml:113:9-115:39
130            android:name="com.ministore.android.activity.LoginActivity"
130-->src\main\AndroidManifest.xml:114:13-51
131            android:exported="true" />
131-->src\main\AndroidManifest.xml:115:13-36
132
133        <provider
133-->[gun0912.ted:tedbottompicker:2.0.1] AndroidManifest.xml:14:9-22:20
134            android:name="androidx.core.content.FileProvider"
134-->[gun0912.ted:tedbottompicker:2.0.1] AndroidManifest.xml:15:13-62
135            android:authorities="com.ministore.android.provider"
135-->[gun0912.ted:tedbottompicker:2.0.1] AndroidManifest.xml:16:13-60
136            android:exported="false"
136-->[gun0912.ted:tedbottompicker:2.0.1] AndroidManifest.xml:17:13-37
137            android:grantUriPermissions="true" >
137-->[gun0912.ted:tedbottompicker:2.0.1] AndroidManifest.xml:18:13-47
138            <meta-data
138-->[gun0912.ted:tedbottompicker:2.0.1] AndroidManifest.xml:19:13-21:58
139                android:name="android.support.FILE_PROVIDER_PATHS"
139-->[gun0912.ted:tedbottompicker:2.0.1] AndroidManifest.xml:20:17-67
140                android:resource="@xml/provider_paths" />
140-->[gun0912.ted:tedbottompicker:2.0.1] AndroidManifest.xml:21:17-55
141        </provider>
142
143        <activity
143-->[io.github.ParkSangGwon:tedpermission:3.3.0] AndroidManifest.xml:10:9-14:67
144            android:name="com.gun0912.tedpermission.TedPermissionActivity"
144-->[io.github.ParkSangGwon:tedpermission:3.3.0] AndroidManifest.xml:11:13-75
145            android:configChanges="mcc|mnc|locale|keyboard|keyboardHidden|screenLayout|fontScale|uiMode|orientation|screenSize|layoutDirection"
145-->[io.github.ParkSangGwon:tedpermission:3.3.0] AndroidManifest.xml:12:13-144
146            android:screenOrientation="unspecified"
146-->[io.github.ParkSangGwon:tedpermission:3.3.0] AndroidManifest.xml:13:13-52
147            android:theme="@style/Theme.Transparent.Permission" />
147-->[io.github.ParkSangGwon:tedpermission:3.3.0] AndroidManifest.xml:14:13-64
148
149        <provider
149-->[io.github.ParkSangGwon:tedpermission:3.3.0] AndroidManifest.xml:16:9-19:40
150            android:name="com.gun0912.tedpermission.provider.TedPermissionProvider"
150-->[io.github.ParkSangGwon:tedpermission:3.3.0] AndroidManifest.xml:17:13-84
151            android:authorities="com.ministore.android.tedpermissionprovider"
151-->[io.github.ParkSangGwon:tedpermission:3.3.0] AndroidManifest.xml:18:13-73
152            android:exported="false" />
152-->[io.github.ParkSangGwon:tedpermission:3.3.0] AndroidManifest.xml:19:13-37
153
154        <activity
154-->[gun0912.ted:tedonactivityresult:1.0.6] AndroidManifest.xml:10:9-14:75
155            android:name="com.gun0912.tedonactivityresult.ProxyActivity"
155-->[gun0912.ted:tedonactivityresult:1.0.6] AndroidManifest.xml:11:13-73
156            android:configChanges="mcc|mnc|locale|keyboard|keyboardHidden|screenLayout|fontScale|uiMode|orientation|screenSize|layoutDirection"
156-->[gun0912.ted:tedonactivityresult:1.0.6] AndroidManifest.xml:12:13-144
157            android:screenOrientation="unspecified"
157-->[gun0912.ted:tedonactivityresult:1.0.6] AndroidManifest.xml:13:13-52
158            android:theme="@style/android:Theme.Translucent.NoTitleBar" />
158-->[gun0912.ted:tedonactivityresult:1.0.6] AndroidManifest.xml:14:13-72
159
160        <provider
160-->[com.squareup.picasso:picasso:2.71828] AndroidManifest.xml:8:9-11:40
161            android:name="com.squareup.picasso.PicassoProvider"
161-->[com.squareup.picasso:picasso:2.71828] AndroidManifest.xml:9:13-64
162            android:authorities="com.ministore.android.com.squareup.picasso"
162-->[com.squareup.picasso:picasso:2.71828] AndroidManifest.xml:10:13-72
163            android:exported="false" />
163-->[com.squareup.picasso:picasso:2.71828] AndroidManifest.xml:11:13-37
164        <provider
164-->[androidx.emoji2:emoji2:1.2.0] AndroidManifest.xml:24:9-32:20
165            android:name="androidx.startup.InitializationProvider"
165-->[androidx.emoji2:emoji2:1.2.0] AndroidManifest.xml:25:13-67
166            android:authorities="com.ministore.android.androidx-startup"
166-->[androidx.emoji2:emoji2:1.2.0] AndroidManifest.xml:26:13-68
167            android:exported="false" >
167-->[androidx.emoji2:emoji2:1.2.0] AndroidManifest.xml:27:13-37
168            <meta-data
168-->[androidx.emoji2:emoji2:1.2.0] AndroidManifest.xml:29:13-31:52
169                android:name="androidx.emoji2.text.EmojiCompatInitializer"
169-->[androidx.emoji2:emoji2:1.2.0] AndroidManifest.xml:30:17-75
170                android:value="androidx.startup" />
170-->[androidx.emoji2:emoji2:1.2.0] AndroidManifest.xml:31:17-49
171            <meta-data
171-->[androidx.lifecycle:lifecycle-process:2.4.1] AndroidManifest.xml:31:13-33:52
172                android:name="androidx.lifecycle.ProcessLifecycleInitializer"
172-->[androidx.lifecycle:lifecycle-process:2.4.1] AndroidManifest.xml:32:17-78
173                android:value="androidx.startup" />
173-->[androidx.lifecycle:lifecycle-process:2.4.1] AndroidManifest.xml:33:17-49
174        </provider>
175    </application>
176
177</manifest>